<?xml version="1.0" encoding="UTF-8"?>
<testsuite xmlns:xsi="http://www.w3.org/2001/XMLSchema-instance" xsi:noNamespaceSchemaLocation="https://maven.apache.org/surefire/maven-surefire-plugin/xsd/surefire-test-report-3.0.xsd" version="3.0" name="TestSuite" time="18.731" tests="7" errors="0" skipped="0" failures="0">
  <properties>
    <property name="java.specification.version" value="18"/>
    <property name="webdriver.chrome.driver" value="/home/promantus/eclipse-workspace/Report/exe/chromedriver"/>
    <property name="sun.jnu.encoding" value="UTF-8"/>
    <property name="java.class.path" value="/home/promantus/eclipse-workspace/Report/target/test-classes:/home/promantus/eclipse-workspace/Report/target/classes:/home/promantus/.m2/repository/org/seleniumhq/selenium/selenium-java/4.3.0/selenium-java-4.3.0.jar:/home/promantus/.m2/repository/org/seleniumhq/selenium/selenium-api/4.3.0/selenium-api-4.3.0.jar:/home/promantus/.m2/repository/org/seleniumhq/selenium/selenium-chrome-driver/4.3.0/selenium-chrome-driver-4.3.0.jar:/home/promantus/.m2/repository/com/google/auto/service/auto-service-annotations/1.0.1/auto-service-annotations-1.0.1.jar:/home/promantus/.m2/repository/com/google/auto/service/auto-service/1.0.1/auto-service-1.0.1.jar:/home/promantus/.m2/repository/com/google/auto/auto-common/1.2/auto-common-1.2.jar:/home/promantus/.m2/repository/com/google/guava/guava/31.1-jre/guava-31.1-jre.jar:/home/promantus/.m2/repository/com/google/guava/failureaccess/1.0.1/failureaccess-1.0.1.jar:/home/promantus/.m2/repository/com/google/guava/listenablefuture/9999.0-empty-to-avoid-conflict-with-guava/listenablefuture-9999.0-empty-to-avoid-conflict-with-guava.jar:/home/promantus/.m2/repository/org/checkerframework/checker-qual/3.12.0/checker-qual-3.12.0.jar:/home/promantus/.m2/repository/com/google/errorprone/error_prone_annotations/2.11.0/error_prone_annotations-2.11.0.jar:/home/promantus/.m2/repository/com/google/j2objc/j2objc-annotations/1.3/j2objc-annotations-1.3.jar:/home/promantus/.m2/repository/org/seleniumhq/selenium/selenium-chromium-driver/4.3.0/selenium-chromium-driver-4.3.0.jar:/home/promantus/.m2/repository/org/seleniumhq/selenium/selenium-json/4.3.0/selenium-json-4.3.0.jar:/home/promantus/.m2/repository/org/seleniumhq/selenium/selenium-devtools-v101/4.3.0/selenium-devtools-v101-4.3.0.jar:/home/promantus/.m2/repository/org/seleniumhq/selenium/selenium-devtools-v102/4.3.0/selenium-devtools-v102-4.3.0.jar:/home/promantus/.m2/repository/org/seleniumhq/selenium/selenium-devtools-v103/4.3.0/selenium-devtools-v103-4.3.0.jar:/home/promantus/.m2/repository/org/seleniumhq/selenium/selenium-devtools-v85/4.3.0/selenium-devtools-v85-4.3.0.jar:/home/promantus/.m2/repository/org/seleniumhq/selenium/selenium-edge-driver/4.3.0/selenium-edge-driver-4.3.0.jar:/home/promantus/.m2/repository/org/seleniumhq/selenium/selenium-firefox-driver/4.3.0/selenium-firefox-driver-4.3.0.jar:/home/promantus/.m2/repository/org/seleniumhq/selenium/selenium-ie-driver/4.3.0/selenium-ie-driver-4.3.0.jar:/home/promantus/.m2/repository/org/seleniumhq/selenium/selenium-opera-driver/4.3.0/selenium-opera-driver-4.3.0.jar:/home/promantus/.m2/repository/org/seleniumhq/selenium/selenium-remote-driver/4.3.0/selenium-remote-driver-4.3.0.jar:/home/promantus/.m2/repository/io/netty/netty-buffer/4.1.78.Final/netty-buffer-4.1.78.Final.jar:/home/promantus/.m2/repository/io/netty/netty-codec-http/4.1.78.Final/netty-codec-http-4.1.78.Final.jar:/home/promantus/.m2/repository/io/netty/netty-codec/4.1.78.Final/netty-codec-4.1.78.Final.jar:/home/promantus/.m2/repository/io/netty/netty-handler/4.1.78.Final/netty-handler-4.1.78.Final.jar:/home/promantus/.m2/repository/io/netty/netty-common/4.1.78.Final/netty-common-4.1.78.Final.jar:/home/promantus/.m2/repository/io/netty/netty-transport-classes-epoll/4.1.78.Final/netty-transport-classes-epoll-4.1.78.Final.jar:/home/promantus/.m2/repository/io/netty/netty-transport-classes-kqueue/4.1.78.Final/netty-transport-classes-kqueue-4.1.78.Final.jar:/home/promantus/.m2/repository/io/netty/netty-transport-native-epoll/4.1.78.Final/netty-transport-native-epoll-4.1.78.Final.jar:/home/promantus/.m2/repository/io/netty/netty-transport-native-kqueue/4.1.78.Final/netty-transport-native-kqueue-4.1.78.Final.jar:/home/promantus/.m2/repository/io/netty/netty-transport-native-unix-common/4.1.78.Final/netty-transport-native-unix-common-4.1.78.Final.jar:/home/promantus/.m2/repository/io/netty/netty-transport/4.1.78.Final/netty-transport-4.1.78.Final.jar:/home/promantus/.m2/repository/io/netty/netty-resolver/4.1.78.Final/netty-resolver-4.1.78.Final.jar:/home/promantus/.m2/repository/io/opentelemetry/opentelemetry-api/1.15.0/opentelemetry-api-1.15.0.jar:/home/promantus/.m2/repository/io/opentelemetry/opentelemetry-context/1.15.0/opentelemetry-context-1.15.0.jar:/home/promantus/.m2/repository/io/opentelemetry/opentelemetry-exporter-logging/1.15.0/opentelemetry-exporter-logging-1.15.0.jar:/home/promantus/.m2/repository/io/opentelemetry/opentelemetry-sdk-metrics/1.15.0/opentelemetry-sdk-metrics-1.15.0.jar:/home/promantus/.m2/repository/io/opentelemetry/opentelemetry-sdk-logs/1.15.0-alpha/opentelemetry-sdk-logs-1.15.0-alpha.jar:/home/promantus/.m2/repository/io/opentelemetry/opentelemetry-sdk-common/1.15.0/opentelemetry-sdk-common-1.15.0.jar:/home/promantus/.m2/repository/io/opentelemetry/opentelemetry-sdk-extension-autoconfigure-spi/1.15.0/opentelemetry-sdk-extension-autoconfigure-spi-1.15.0.jar:/home/promantus/.m2/repository/io/opentelemetry/opentelemetry-sdk-extension-autoconfigure/1.15.0-alpha/opentelemetry-sdk-extension-autoconfigure-1.15.0-alpha.jar:/home/promantus/.m2/repository/io/opentelemetry/opentelemetry-sdk-trace/1.15.0/opentelemetry-sdk-trace-1.15.0.jar:/home/promantus/.m2/repository/io/opentelemetry/opentelemetry-sdk/1.15.0/opentelemetry-sdk-1.15.0.jar:/home/promantus/.m2/repository/io/opentelemetry/opentelemetry-semconv/1.15.0-alpha/opentelemetry-semconv-1.15.0-alpha.jar:/home/promantus/.m2/repository/io/ous/jtoml/2.0.0/jtoml-2.0.0.jar:/home/promantus/.m2/repository/net/bytebuddy/byte-buddy/1.12.10/byte-buddy-1.12.10.jar:/home/promantus/.m2/repository/org/apache/commons/commons-exec/1.3/commons-exec-1.3.jar:/home/promantus/.m2/repository/org/asynchttpclient/async-http-client/2.12.3/async-http-client-2.12.3.jar:/home/promantus/.m2/repository/org/asynchttpclient/async-http-client-netty-utils/2.12.3/async-http-client-netty-utils-2.12.3.jar:/home/promantus/.m2/repository/io/netty/netty-codec-socks/4.1.60.Final/netty-codec-socks-4.1.60.Final.jar:/home/promantus/.m2/repository/io/netty/netty-handler-proxy/4.1.60.Final/netty-handler-proxy-4.1.60.Final.jar:/home/promantus/.m2/repository/io/netty/netty-transport-native-epoll/4.1.60.Final/netty-transport-native-epoll-4.1.60.Final-linux-x86_64.jar:/home/promantus/.m2/repository/io/netty/netty-transport-native-kqueue/4.1.60.Final/netty-transport-native-kqueue-4.1.60.Final-osx-x86_64.jar:/home/promantus/.m2/repository/com/typesafe/netty/netty-reactive-streams/2.0.4/netty-reactive-streams-2.0.4.jar:/home/promantus/.m2/repository/com/sun/activation/jakarta.activation/1.2.2/jakarta.activation-1.2.2.jar:/home/promantus/.m2/repository/org/seleniumhq/selenium/selenium-http/4.3.0/selenium-http-4.3.0.jar:/home/promantus/.m2/repository/dev/failsafe/failsafe/3.2.4/failsafe-3.2.4.jar:/home/promantus/.m2/repository/org/seleniumhq/selenium/selenium-safari-driver/4.3.0/selenium-safari-driver-4.3.0.jar:/home/promantus/.m2/repository/org/seleniumhq/selenium/selenium-support/4.3.0/selenium-support-4.3.0.jar:/home/promantus/.m2/repository/com/aventstack/extentreports/5.0.9/extentreports-5.0.9.jar:/home/promantus/.m2/repository/io/reactivex/rxjava3/rxjava/3.0.4/rxjava-3.0.4.jar:/home/promantus/.m2/repository/org/reactivestreams/reactive-streams/1.0.3/reactive-streams-1.0.3.jar:/home/promantus/.m2/repository/org/freemarker/freemarker/2.3.30/freemarker-2.3.30.jar:/home/promantus/.m2/repository/org/projectlombok/lombok/1.18.12/lombok-1.18.12.jar:/home/promantus/.m2/repository/com/google/code/gson/gson/2.8.6/gson-2.8.6.jar:/home/promantus/.m2/repository/org/testng/testng/7.6.1/testng-7.6.1.jar:/home/promantus/.m2/repository/com/google/code/findbugs/jsr305/3.0.2/jsr305-3.0.2.jar:/home/promantus/.m2/repository/org/slf4j/slf4j-api/1.7.36/slf4j-api-1.7.36.jar:/home/promantus/.m2/repository/com/beust/jcommander/1.82/jcommander-1.82.jar:/home/promantus/.m2/repository/org/webjars/jquery/3.6.0/jquery-3.6.0.jar:/home/promantus/.m2/repository/ru/yandex/qatools/ashot/ashot/1.5.4/ashot-1.5.4.jar:/home/promantus/.m2/repository/commons-io/commons-io/2.5/commons-io-2.5.jar:/home/promantus/.m2/repository/org/hamcrest/hamcrest-core/1.3/hamcrest-core-1.3.jar:"/>
    <property name="java.vm.vendor" value="Oracle Corporation"/>
    <property name="sun.arch.data.model" value="64"/>
    <property name="java.vendor.url" value="https://java.oracle.com/"/>
    <property name="user.timezone" value="Asia/Kolkata"/>
    <property name="os.name" value="Linux"/>
    <property name="java.vm.specification.version" value="18"/>
    <property name="sun.java.launcher" value="SUN_STANDARD"/>
    <property name="user.country" value="IN"/>
    <property name="sun.boot.library.path" value="/usr/lib/jvm/jdk-18/lib"/>
    <property name="sun.java.command" value="/home/promantus/eclipse-workspace/Report/target/surefire/surefirebooter9744066098960030031.jar /home/promantus/eclipse-workspace/Report/target/surefire 2022-07-30T11-31-21_674-jvmRun1 surefire18201551976130169737tmp surefire_03765309455520290963tmp"/>
    <property name="jdk.debug" value="release"/>
    <property name="surefire.test.class.path" value="/home/promantus/eclipse-workspace/Report/target/test-classes:/home/promantus/eclipse-workspace/Report/target/classes:/home/promantus/.m2/repository/org/seleniumhq/selenium/selenium-java/4.3.0/selenium-java-4.3.0.jar:/home/promantus/.m2/repository/org/seleniumhq/selenium/selenium-api/4.3.0/selenium-api-4.3.0.jar:/home/promantus/.m2/repository/org/seleniumhq/selenium/selenium-chrome-driver/4.3.0/selenium-chrome-driver-4.3.0.jar:/home/promantus/.m2/repository/com/google/auto/service/auto-service-annotations/1.0.1/auto-service-annotations-1.0.1.jar:/home/promantus/.m2/repository/com/google/auto/service/auto-service/1.0.1/auto-service-1.0.1.jar:/home/promantus/.m2/repository/com/google/auto/auto-common/1.2/auto-common-1.2.jar:/home/promantus/.m2/repository/com/google/guava/guava/31.1-jre/guava-31.1-jre.jar:/home/promantus/.m2/repository/com/google/guava/failureaccess/1.0.1/failureaccess-1.0.1.jar:/home/promantus/.m2/repository/com/google/guava/listenablefuture/9999.0-empty-to-avoid-conflict-with-guava/listenablefuture-9999.0-empty-to-avoid-conflict-with-guava.jar:/home/promantus/.m2/repository/org/checkerframework/checker-qual/3.12.0/checker-qual-3.12.0.jar:/home/promantus/.m2/repository/com/google/errorprone/error_prone_annotations/2.11.0/error_prone_annotations-2.11.0.jar:/home/promantus/.m2/repository/com/google/j2objc/j2objc-annotations/1.3/j2objc-annotations-1.3.jar:/home/promantus/.m2/repository/org/seleniumhq/selenium/selenium-chromium-driver/4.3.0/selenium-chromium-driver-4.3.0.jar:/home/promantus/.m2/repository/org/seleniumhq/selenium/selenium-json/4.3.0/selenium-json-4.3.0.jar:/home/promantus/.m2/repository/org/seleniumhq/selenium/selenium-devtools-v101/4.3.0/selenium-devtools-v101-4.3.0.jar:/home/promantus/.m2/repository/org/seleniumhq/selenium/selenium-devtools-v102/4.3.0/selenium-devtools-v102-4.3.0.jar:/home/promantus/.m2/repository/org/seleniumhq/selenium/selenium-devtools-v103/4.3.0/selenium-devtools-v103-4.3.0.jar:/home/promantus/.m2/repository/org/seleniumhq/selenium/selenium-devtools-v85/4.3.0/selenium-devtools-v85-4.3.0.jar:/home/promantus/.m2/repository/org/seleniumhq/selenium/selenium-edge-driver/4.3.0/selenium-edge-driver-4.3.0.jar:/home/promantus/.m2/repository/org/seleniumhq/selenium/selenium-firefox-driver/4.3.0/selenium-firefox-driver-4.3.0.jar:/home/promantus/.m2/repository/org/seleniumhq/selenium/selenium-ie-driver/4.3.0/selenium-ie-driver-4.3.0.jar:/home/promantus/.m2/repository/org/seleniumhq/selenium/selenium-opera-driver/4.3.0/selenium-opera-driver-4.3.0.jar:/home/promantus/.m2/repository/org/seleniumhq/selenium/selenium-remote-driver/4.3.0/selenium-remote-driver-4.3.0.jar:/home/promantus/.m2/repository/io/netty/netty-buffer/4.1.78.Final/netty-buffer-4.1.78.Final.jar:/home/promantus/.m2/repository/io/netty/netty-codec-http/4.1.78.Final/netty-codec-http-4.1.78.Final.jar:/home/promantus/.m2/repository/io/netty/netty-codec/4.1.78.Final/netty-codec-4.1.78.Final.jar:/home/promantus/.m2/repository/io/netty/netty-handler/4.1.78.Final/netty-handler-4.1.78.Final.jar:/home/promantus/.m2/repository/io/netty/netty-common/4.1.78.Final/netty-common-4.1.78.Final.jar:/home/promantus/.m2/repository/io/netty/netty-transport-classes-epoll/4.1.78.Final/netty-transport-classes-epoll-4.1.78.Final.jar:/home/promantus/.m2/repository/io/netty/netty-transport-classes-kqueue/4.1.78.Final/netty-transport-classes-kqueue-4.1.78.Final.jar:/home/promantus/.m2/repository/io/netty/netty-transport-native-epoll/4.1.78.Final/netty-transport-native-epoll-4.1.78.Final.jar:/home/promantus/.m2/repository/io/netty/netty-transport-native-kqueue/4.1.78.Final/netty-transport-native-kqueue-4.1.78.Final.jar:/home/promantus/.m2/repository/io/netty/netty-transport-native-unix-common/4.1.78.Final/netty-transport-native-unix-common-4.1.78.Final.jar:/home/promantus/.m2/repository/io/netty/netty-transport/4.1.78.Final/netty-transport-4.1.78.Final.jar:/home/promantus/.m2/repository/io/netty/netty-resolver/4.1.78.Final/netty-resolver-4.1.78.Final.jar:/home/promantus/.m2/repository/io/opentelemetry/opentelemetry-api/1.15.0/opentelemetry-api-1.15.0.jar:/home/promantus/.m2/repository/io/opentelemetry/opentelemetry-context/1.15.0/opentelemetry-context-1.15.0.jar:/home/promantus/.m2/repository/io/opentelemetry/opentelemetry-exporter-logging/1.15.0/opentelemetry-exporter-logging-1.15.0.jar:/home/promantus/.m2/repository/io/opentelemetry/opentelemetry-sdk-metrics/1.15.0/opentelemetry-sdk-metrics-1.15.0.jar:/home/promantus/.m2/repository/io/opentelemetry/opentelemetry-sdk-logs/1.15.0-alpha/opentelemetry-sdk-logs-1.15.0-alpha.jar:/home/promantus/.m2/repository/io/opentelemetry/opentelemetry-sdk-common/1.15.0/opentelemetry-sdk-common-1.15.0.jar:/home/promantus/.m2/repository/io/opentelemetry/opentelemetry-sdk-extension-autoconfigure-spi/1.15.0/opentelemetry-sdk-extension-autoconfigure-spi-1.15.0.jar:/home/promantus/.m2/repository/io/opentelemetry/opentelemetry-sdk-extension-autoconfigure/1.15.0-alpha/opentelemetry-sdk-extension-autoconfigure-1.15.0-alpha.jar:/home/promantus/.m2/repository/io/opentelemetry/opentelemetry-sdk-trace/1.15.0/opentelemetry-sdk-trace-1.15.0.jar:/home/promantus/.m2/repository/io/opentelemetry/opentelemetry-sdk/1.15.0/opentelemetry-sdk-1.15.0.jar:/home/promantus/.m2/repository/io/opentelemetry/opentelemetry-semconv/1.15.0-alpha/opentelemetry-semconv-1.15.0-alpha.jar:/home/promantus/.m2/repository/io/ous/jtoml/2.0.0/jtoml-2.0.0.jar:/home/promantus/.m2/repository/net/bytebuddy/byte-buddy/1.12.10/byte-buddy-1.12.10.jar:/home/promantus/.m2/repository/org/apache/commons/commons-exec/1.3/commons-exec-1.3.jar:/home/promantus/.m2/repository/org/asynchttpclient/async-http-client/2.12.3/async-http-client-2.12.3.jar:/home/promantus/.m2/repository/org/asynchttpclient/async-http-client-netty-utils/2.12.3/async-http-client-netty-utils-2.12.3.jar:/home/promantus/.m2/repository/io/netty/netty-codec-socks/4.1.60.Final/netty-codec-socks-4.1.60.Final.jar:/home/promantus/.m2/repository/io/netty/netty-handler-proxy/4.1.60.Final/netty-handler-proxy-4.1.60.Final.jar:/home/promantus/.m2/repository/io/netty/netty-transport-native-epoll/4.1.60.Final/netty-transport-native-epoll-4.1.60.Final-linux-x86_64.jar:/home/promantus/.m2/repository/io/netty/netty-transport-native-kqueue/4.1.60.Final/netty-transport-native-kqueue-4.1.60.Final-osx-x86_64.jar:/home/promantus/.m2/repository/com/typesafe/netty/netty-reactive-streams/2.0.4/netty-reactive-streams-2.0.4.jar:/home/promantus/.m2/repository/com/sun/activation/jakarta.activation/1.2.2/jakarta.activation-1.2.2.jar:/home/promantus/.m2/repository/org/seleniumhq/selenium/selenium-http/4.3.0/selenium-http-4.3.0.jar:/home/promantus/.m2/repository/dev/failsafe/failsafe/3.2.4/failsafe-3.2.4.jar:/home/promantus/.m2/repository/org/seleniumhq/selenium/selenium-safari-driver/4.3.0/selenium-safari-driver-4.3.0.jar:/home/promantus/.m2/repository/org/seleniumhq/selenium/selenium-support/4.3.0/selenium-support-4.3.0.jar:/home/promantus/.m2/repository/com/aventstack/extentreports/5.0.9/extentreports-5.0.9.jar:/home/promantus/.m2/repository/io/reactivex/rxjava3/rxjava/3.0.4/rxjava-3.0.4.jar:/home/promantus/.m2/repository/org/reactivestreams/reactive-streams/1.0.3/reactive-streams-1.0.3.jar:/home/promantus/.m2/repository/org/freemarker/freemarker/2.3.30/freemarker-2.3.30.jar:/home/promantus/.m2/repository/org/projectlombok/lombok/1.18.12/lombok-1.18.12.jar:/home/promantus/.m2/repository/com/google/code/gson/gson/2.8.6/gson-2.8.6.jar:/home/promantus/.m2/repository/org/testng/testng/7.6.1/testng-7.6.1.jar:/home/promantus/.m2/repository/com/google/code/findbugs/jsr305/3.0.2/jsr305-3.0.2.jar:/home/promantus/.m2/repository/org/slf4j/slf4j-api/1.7.36/slf4j-api-1.7.36.jar:/home/promantus/.m2/repository/com/beust/jcommander/1.82/jcommander-1.82.jar:/home/promantus/.m2/repository/org/webjars/jquery/3.6.0/jquery-3.6.0.jar:/home/promantus/.m2/repository/ru/yandex/qatools/ashot/ashot/1.5.4/ashot-1.5.4.jar:/home/promantus/.m2/repository/commons-io/commons-io/2.5/commons-io-2.5.jar:/home/promantus/.m2/repository/org/hamcrest/hamcrest-core/1.3/hamcrest-core-1.3.jar:"/>
    <property name="sun.cpu.endian" value="little"/>
    <property name="user.home" value="/home/promantus"/>
    <property name="user.language" value="en"/>
    <property name="java.specification.vendor" value="Oracle Corporation"/>
    <property name="java.version.date" value="2022-03-22"/>
    <property name="java.home" value="/usr/lib/jvm/jdk-18"/>
    <property name="file.separator" value="/"/>
    <property name="basedir" value="/home/promantus/eclipse-workspace/Report"/>
    <property name="java.vm.compressedOopsMode" value="32-bit"/>
    <property name="line.separator" value="&#10;"/>
    <property name="java.vm.specification.vendor" value="Oracle Corporation"/>
    <property name="java.specification.name" value="Java Platform API Specification"/>
    <property name="surefire.real.class.path" value="/home/promantus/eclipse-workspace/Report/target/surefire/surefirebooter9744066098960030031.jar"/>
    <property name="sun.management.compiler" value="HotSpot 64-Bit Tiered Compilers"/>
    <property name="java.runtime.version" value="18+36-2087"/>
    <property name="user.name" value="promantus"/>
    <property name="path.separator" value=":"/>
    <property name="os.version" value="5.15.0-41-generic"/>
    <property name="java.runtime.name" value="Java(TM) SE Runtime Environment"/>
    <property name="file.encoding" value="UTF-8"/>
    <property name="java.vm.name" value="Java HotSpot(TM) 64-Bit Server VM"/>
    <property name="localRepository" value="/home/promantus/.m2/repository"/>
    <property name="java.vendor.url.bug" value="https://bugreport.java.com/bugreport/"/>
    <property name="java.io.tmpdir" value="/tmp"/>
    <property name="java.version" value="18"/>
    <property name="user.dir" value="/home/promantus/eclipse-workspace/Report"/>
    <property name="os.arch" value="amd64"/>
    <property name="java.vm.specification.name" value="Java Virtual Machine Specification"/>
    <property name="native.encoding" value="UTF-8"/>
    <property name="java.library.path" value="/usr/java/packages/lib:/usr/lib64:/lib64:/lib:/usr/lib"/>
    <property name="java.vm.info" value="mixed mode, sharing"/>
    <property name="java.vendor" value="Oracle Corporation"/>
    <property name="java.vm.version" value="18+36-2087"/>
    <property name="sun.io.unicode.encoding" value="UnicodeLittle"/>
    <property name="java.class.version" value="62.0"/>
  </properties>
  <testcase name="FristClass" classname="samples.ReportsSmartTest" time="3.793">
    <system-err><![CDATA[SLF4J: Failed to load class "org.slf4j.impl.StaticLoggerBinder".
SLF4J: Defaulting to no-operation (NOP) logger implementation
SLF4J: See http://www.slf4j.org/codes.html#StaticLoggerBinder for further details.
Starting ChromeDriver 2.41.578700 (2f1ed5f9343c13f73144538f15c00b370eda6706) on port 37821
Only local connections are allowed.
Jul 30, 2022 11:31:23 AM org.openqa.selenium.remote.ProtocolHandshake createSession
INFO: Detected upstream dialect: OSS
Jul 30, 2022 11:31:23 AM org.openqa.selenium.devtools.CdpVersionFinder findNearestMatch
INFO: Found exact CDP implementation for version 103
]]></system-err>
  </testcase>
  <testcase name="WrongPass" classname="samples.ReportsSmartTest" time="3.136">
    <system-out><![CDATA[ test case 2 is completed sucessfully 
]]></system-out>
    <system-err><![CDATA[Starting ChromeDriver 2.41.578700 (2f1ed5f9343c13f73144538f15c00b370eda6706) on port 54417
Only local connections are allowed.
Jul 30, 2022 11:31:27 AM org.openqa.selenium.remote.ProtocolHandshake createSession
INFO: Detected upstream dialect: OSS
Jul 30, 2022 11:31:27 AM org.openqa.selenium.devtools.CdpVersionFinder findNearestMatch
INFO: Found exact CDP implementation for version 103
 test case 2 is completed Having one issue 
]]></system-err>
  </testcase>
  <testcase name="WrongUserName" classname="samples.ReportsSmartTest" time="2.39">
    <system-out><![CDATA[test case 3 is completed sucessfully
]]></system-out>
    <system-err><![CDATA[Starting ChromeDriver 2.41.578700 (2f1ed5f9343c13f73144538f15c00b370eda6706) on port 54423
Only local connections are allowed.
Jul 30, 2022 11:31:29 AM org.openqa.selenium.remote.ProtocolHandshake createSession
INFO: Detected upstream dialect: OSS
Jul 30, 2022 11:31:29 AM org.openqa.selenium.devtools.CdpVersionFinder findNearestMatch
INFO: Found exact CDP implementation for version 103
]]></system-err>
  </testcase>
  <testcase name="emptyUserName" classname="samples.ReportsSmartTest" time="2.423">
    <system-err><![CDATA[Starting ChromeDriver 2.41.578700 (2f1ed5f9343c13f73144538f15c00b370eda6706) on port 51279
Only local connections are allowed.
Jul 30, 2022 11:31:32 AM org.openqa.selenium.remote.ProtocolHandshake createSession
INFO: Detected upstream dialect: OSS
Jul 30, 2022 11:31:32 AM org.openqa.selenium.devtools.CdpVersionFinder findNearestMatch
INFO: Found exact CDP implementation for version 103
test case 4 is completed Having one issue
]]></system-err>
  </testcase>
  <testcase name="emptyPass" classname="samples.ReportsSmartTest" time="2.223">
    <system-out><![CDATA[test case 5 is completed sucessfully
]]></system-out>
    <system-err><![CDATA[Starting ChromeDriver 2.41.578700 (2f1ed5f9343c13f73144538f15c00b370eda6706) on port 39369
Only local connections are allowed.
Jul 30, 2022 11:31:34 AM org.openqa.selenium.remote.ProtocolHandshake createSession
INFO: Detected upstream dialect: OSS
Jul 30, 2022 11:31:34 AM org.openqa.selenium.devtools.CdpVersionFinder findNearestMatch
INFO: Found exact CDP implementation for version 103
]]></system-err>
  </testcase>
  <testcase name="bothEmptyField" classname="samples.ReportsSmartTest" time="2.253">
    <system-out><![CDATA[test case 6 is completed sucessfully
]]></system-out>
    <system-err><![CDATA[Starting ChromeDriver 2.41.578700 (2f1ed5f9343c13f73144538f15c00b370eda6706) on port 43917
Only local connections are allowed.
Jul 30, 2022 11:31:36 AM org.openqa.selenium.remote.ProtocolHandshake createSession
INFO: Detected upstream dialect: OSS
Jul 30, 2022 11:31:36 AM org.openqa.selenium.devtools.CdpVersionFinder findNearestMatch
INFO: Found exact CDP implementation for version 103
]]></system-err>
  </testcase>
  <testcase name="forgetPassWord" classname="samples.ReportsSmartTest" time="1.815">
    <system-out><![CDATA[test case 7 is completed sucessfully
]]></system-out>
    <system-err><![CDATA[Starting ChromeDriver 2.41.578700 (2f1ed5f9343c13f73144538f15c00b370eda6706) on port 41399
Only local connections are allowed.
Jul 30, 2022 11:31:38 AM org.openqa.selenium.remote.ProtocolHandshake createSession
INFO: Detected upstream dialect: OSS
Jul 30, 2022 11:31:38 AM org.openqa.selenium.devtools.CdpVersionFinder findNearestMatch
INFO: Found exact CDP implementation for version 103
]]></system-err>
  </testcase>
</testsuite>