<?xml version="1.0" encoding="UTF-8"?>
<!-- Generated by org.testng.reporters.JUnitReportReporter -->
<testsuite hostname="pro-Vignesh" failures="0" tests="1" name="samples.NewTest" time="0.008" errors="0" timestamp="2022-07-20T00:59:18 IST" skipped="0">
  <testcase classname="samples.NewTest" name="mainClass" time="0.008"/>
  <system-out/>
</testsuite> <!-- samples.NewTest -->
