<?xml version="1.0" encoding="UTF-8"?>
<!-- Generated by org.testng.reporters.JUnitReportReporter -->
<testsuite hostname="pro-Vignesh" failures="0" tests="7" name="samples.ReportsSmartTest" time="23.190" errors="0" timestamp="2022-07-30T12:37:53 IST" skipped="0">
  <testcase classname="samples.ReportsSmartTest" name="FristClass" time="7.205"/>
  <system-out/>
  <testcase classname="samples.ReportsSmartTest" name="WrongPass" time="2.733"/>
  <system-out/>
  <testcase classname="samples.ReportsSmartTest" name="WrongUserName" time="2.718"/>
  <system-out/>
  <testcase classname="samples.ReportsSmartTest" name="emptyUserName" time="2.858"/>
  <system-out/>
  <testcase classname="samples.ReportsSmartTest" name="emptyPass" time="2.368"/>
  <system-out/>
  <testcase classname="samples.ReportsSmartTest" name="bothEmptyField" time="2.989"/>
  <system-out/>
  <testcase classname="samples.ReportsSmartTest" name="forgetPassWord" time="2.319"/>
  <system-out/>
</testsuite> <!-- samples.ReportsSmartTest -->
