<?xml version="1.0" encoding="UTF-8"?>
<!-- Generated by org.testng.reporters.JUnitReportReporter -->
<testsuite hostname="pro-Vignesh" failures="0" tests="7" name="samples.ReportsSmartTest" time="68.703" errors="0" timestamp="2022-08-05T14:30:54 IST" skipped="0">
  <testcase classname="samples.ReportsSmartTest" name="FristClass" time="3.071"/>
  <system-out/>
  <testcase classname="samples.ReportsSmartTest" name="WrongPass" time="2.124"/>
  <system-out/>
  <testcase classname="samples.ReportsSmartTest" name="WrongUserName" time="3.095"/>
  <system-out/>
  <testcase classname="samples.ReportsSmartTest" name="emptyUserName" time="14.888"/>
  <system-out/>
  <testcase classname="samples.ReportsSmartTest" name="emptyPass" time="15.453"/>
  <system-out/>
  <testcase classname="samples.ReportsSmartTest" name="bothEmptyField" time="16.090"/>
  <system-out/>
  <testcase classname="samples.ReportsSmartTest" name="forgetPassWord" time="13.982"/>
  <system-out/>
</testsuite> <!-- samples.ReportsSmartTest -->
