<?xml version="1.0" encoding="UTF-8"?>
<!-- Generated by org.testng.reporters.JUnitReportReporter -->
<testsuite hostname="pro-Vignesh" failures="0" tests="7" name="samples.ReportsSmartTest" time="18.006" errors="0" timestamp="2022-07-30T11:31:40 IST" skipped="0">
  <testcase classname="samples.ReportsSmartTest" name="FristClass" time="3.778"/>
  <system-out/>
  <testcase classname="samples.ReportsSmartTest" name="WrongPass" time="3.118"/>
  <system-out/>
  <testcase classname="samples.ReportsSmartTest" name="WrongUserName" time="2.396"/>
  <system-out/>
  <testcase classname="samples.ReportsSmartTest" name="emptyUserName" time="2.422"/>
  <system-out/>
  <testcase classname="samples.ReportsSmartTest" name="emptyPass" time="2.230"/>
  <system-out/>
  <testcase classname="samples.ReportsSmartTest" name="bothEmptyField" time="2.249"/>
  <system-out/>
  <testcase classname="samples.ReportsSmartTest" name="forgetPassWord" time="1.813"/>
  <system-out/>
</testsuite> <!-- samples.ReportsSmartTest -->
